#
# There is insufficient memory for the Java Runtime Environment to continue.
# Native memory allocation (malloc) failed to allocate 638096 bytes for Chunk::new
# Possible reasons:
#   The system is out of physical RAM or swap space
#   The process is running with CompressedOops enabled, and the Java Heap may be blocking the growth of the native heap
# Possible solutions:
#   Reduce memory load on the system
#   Increase physical memory or swap space
#   Check if swap backing store is full
#   Decrease Java heap size (-Xmx/-Xms)
#   Decrease number of Java threads
#   Decrease Java thread stack sizes (-Xss)
#   Set larger code cache with -XX:ReservedCodeCacheSize=
#   JVM is running with Unscaled Compressed Oops mode in which the Java heap is
#     placed in the first 4GB address space. The Java Heap base address is the
#     maximum limit for the native heap growth. Please use -XX:HeapBaseMinAddress
#     to set the Java Heap base and to place the Java Heap above 4GB virtual address.
# This output file may be truncated or incomplete.
#
#  Out of Memory Error (allocation.cpp:389), pid=7404, tid=0x000000000000401c
#
# JRE version: OpenJDK Runtime Environment (8.0_242-b01) (build 1.8.0_242-release-1644-b01)
# Java VM: OpenJDK 64-Bit Server VM (25.242-b01 mixed mode windows-amd64 compressed oops)
# Failed to write core dump. Minidumps are not enabled by default on client versions of Windows
#

---------------  T H R E A D  ---------------

Current thread (0x0000000018fb4800):  JavaThread "C2 CompilerThread0" daemon [_thread_in_native, id=16412, stack(0x000000001a600000,0x000000001a700000)]

Stack: [0x000000001a600000,0x000000001a700000]
[error occurred during error reporting (printing stack bounds), id 0xc0000005]

Native frames: (J=compiled Java code, j=interpreted, Vv=VM code, C=native code)


Current CompileTask:
C2:   6973 4585       4       java.lang.Class::privateGetMethodRecursive (130 bytes)


---------------  P R O C E S S  ---------------

Java Threads: ( => current thread )
  0x000000002020b800 JavaThread "Cache worker for Build Output Cleanup Cache (D:\Programming\Muzik\.gradle\buildOutputCleanup)" [_thread_blocked, id=9224, stack(0x000000002a130000,0x000000002a230000)]
  0x0000000020208800 JavaThread "jar transforms Thread 92" [_thread_blocked, id=4560, stack(0x0000000029d00000,0x0000000029e00000)]
  0x000000002020a000 JavaThread "jar transforms Thread 91" [_thread_blocked, id=15408, stack(0x0000000029c00000,0x0000000029d00000)]
  0x000000001f11c000 JavaThread "jar transforms Thread 90" [_thread_blocked, id=12592, stack(0x0000000029b00000,0x0000000029c00000)]
  0x000000001f119800 JavaThread "jar transforms Thread 89" [_thread_blocked, id=13936, stack(0x0000000029a00000,0x0000000029b00000)]
  0x000000001f119000 JavaThread "jar transforms Thread 88" [_thread_blocked, id=12468, stack(0x0000000029900000,0x0000000029a00000)]
  0x000000001f11b000 JavaThread "jar transforms Thread 87" [_thread_blocked, id=2576, stack(0x0000000029800000,0x0000000029900000)]
  0x000000001f118000 JavaThread "jar transforms Thread 86" [_thread_blocked, id=10432, stack(0x0000000029700000,0x0000000029800000)]
  0x000000001f11a800 JavaThread "jar transforms Thread 85" [_thread_blocked, id=1224, stack(0x0000000029600000,0x0000000029700000)]
  0x000000001f11c800 JavaThread "jar transforms Thread 84" [_thread_blocked, id=5812, stack(0x0000000029500000,0x0000000029600000)]
  0x000000001f110800 JavaThread "jar transforms Thread 83" [_thread_blocked, id=4040, stack(0x0000000029400000,0x0000000029500000)]
  0x000000001f117800 JavaThread "jar transforms Thread 82" [_thread_blocked, id=3920, stack(0x0000000029300000,0x0000000029400000)]
  0x000000001f116800 JavaThread "jar transforms Thread 81" [_thread_blocked, id=16952, stack(0x0000000029200000,0x0000000029300000)]
  0x000000001f10f000 JavaThread "jar transforms Thread 80" [_thread_blocked, id=9228, stack(0x0000000029100000,0x0000000029200000)]
  0x000000001f110000 JavaThread "jar transforms Thread 79" [_thread_blocked, id=11732, stack(0x0000000029000000,0x0000000029100000)]
  0x000000001f116000 JavaThread "jar transforms Thread 78" [_thread_blocked, id=3372, stack(0x0000000028f00000,0x0000000029000000)]
  0x000000001f10e800 JavaThread "jar transforms Thread 77" [_thread_blocked, id=1760, stack(0x0000000028e00000,0x0000000028f00000)]
  0x000000001f114800 JavaThread "jar transforms Thread 76" [_thread_blocked, id=1708, stack(0x0000000028d00000,0x0000000028e00000)]
  0x000000001f113800 JavaThread "jar transforms Thread 75" [_thread_blocked, id=10488, stack(0x0000000028c00000,0x0000000028d00000)]
  0x000000001f113000 JavaThread "jar transforms Thread 74" [_thread_blocked, id=13396, stack(0x0000000028b00000,0x0000000028c00000)]
  0x000000001f115000 JavaThread "jar transforms Thread 73" [_thread_blocked, id=2152, stack(0x0000000028a00000,0x0000000028b00000)]
  0x000000001f112000 JavaThread "jar transforms Thread 72" [_thread_blocked, id=1772, stack(0x0000000028900000,0x0000000028a00000)]
  0x000000001f111800 JavaThread "jar transforms Thread 71" [_thread_blocked, id=6652, stack(0x0000000028800000,0x0000000028900000)]
  0x000000001f10d800 JavaThread "jar transforms Thread 70" [_thread_blocked, id=17240, stack(0x0000000028700000,0x0000000028800000)]
  0x000000001c8a6800 JavaThread "jar transforms Thread 69" [_thread_blocked, id=1384, stack(0x0000000028600000,0x0000000028700000)]
  0x000000001c8a6000 JavaThread "jar transforms Thread 68" [_thread_blocked, id=16428, stack(0x0000000028500000,0x0000000028600000)]
  0x000000001c8a7800 JavaThread "jar transforms Thread 67" [_thread_blocked, id=8472, stack(0x0000000028400000,0x0000000028500000)]
  0x000000001c8a9800 JavaThread "jar transforms Thread 66" [_thread_blocked, id=15760, stack(0x0000000028300000,0x0000000028400000)]
  0x000000001c8aa800 JavaThread "jar transforms Thread 65" [_thread_blocked, id=15676, stack(0x0000000028200000,0x0000000028300000)]
  0x000000001c8ab000 JavaThread "jar transforms Thread 64" [_thread_blocked, id=7876, stack(0x0000000028100000,0x0000000028200000)]
  0x000000001c8a9000 JavaThread "jar transforms Thread 63" [_thread_blocked, id=17340, stack(0x0000000028000000,0x0000000028100000)]
  0x000000001c8a8000 JavaThread "jar transforms Thread 62" [_thread_blocked, id=17348, stack(0x0000000027f00000,0x0000000028000000)]
  0x000000001c89e800 JavaThread "jar transforms Thread 61" [_thread_blocked, id=16564, stack(0x0000000027e00000,0x0000000027f00000)]
  0x000000001c8a5000 JavaThread "jar transforms Thread 60" [_thread_blocked, id=8268, stack(0x0000000027d00000,0x0000000027e00000)]
  0x000000001c8a4800 JavaThread "jar transforms Thread 59" [_thread_blocked, id=16348, stack(0x0000000027c00000,0x0000000027d00000)]
  0x000000001c89d800 JavaThread "jar transforms Thread 58" [_thread_blocked, id=4928, stack(0x0000000027b00000,0x0000000027c00000)]
  0x000000001c8a0800 JavaThread "jar transforms Thread 57" [_thread_blocked, id=9536, stack(0x0000000027a00000,0x0000000027b00000)]
  0x000000001c8a3800 JavaThread "jar transforms Thread 56" [_thread_blocked, id=11940, stack(0x0000000027900000,0x0000000027a00000)]
  0x000000001c89d000 JavaThread "jar transforms Thread 55" [_thread_blocked, id=11864, stack(0x0000000027800000,0x0000000027900000)]
  0x000000001c8a3000 JavaThread "jar transforms Thread 54" [_thread_blocked, id=10000, stack(0x0000000027700000,0x0000000027800000)]
  0x000000001c8a2000 JavaThread "jar transforms Thread 53" [_thread_blocked, id=14780, stack(0x0000000027600000,0x0000000027700000)]
  0x000000001c8a0000 JavaThread "jar transforms Thread 52" [_thread_blocked, id=9620, stack(0x0000000027500000,0x0000000027600000)]
  0x000000001c8a1800 JavaThread "jar transforms Thread 51" [_thread_blocked, id=11804, stack(0x0000000027400000,0x0000000027500000)]
  0x000000001c89f000 JavaThread "jar transforms Thread 50" [_thread_blocked, id=14572, stack(0x0000000027300000,0x0000000027400000)]
  0x000000001c89c000 JavaThread "jar transforms Thread 49" [_thread_blocked, id=13504, stack(0x0000000027200000,0x0000000027300000)]
  0x00000000204a6000 JavaThread "jar transforms Thread 48" [_thread_blocked, id=16256, stack(0x0000000027100000,0x0000000027200000)]
  0x00000000204ab800 JavaThread "jar transforms Thread 47" [_thread_blocked, id=7264, stack(0x0000000027000000,0x0000000027100000)]
  0x00000000204ac000 JavaThread "jar transforms Thread 46" [_thread_blocked, id=6412, stack(0x0000000026f00000,0x0000000027000000)]
  0x00000000204aa800 JavaThread "jar transforms Thread 45" [_thread_blocked, id=10304, stack(0x0000000026e00000,0x0000000026f00000)]
  0x00000000204aa000 JavaThread "jar transforms Thread 44" [_thread_blocked, id=8060, stack(0x0000000026d00000,0x0000000026e00000)]
  0x00000000204a4800 JavaThread "jar transforms Thread 43" [_thread_blocked, id=9568, stack(0x0000000026c00000,0x0000000026d00000)]
  0x00000000204a7000 JavaThread "jar transforms Thread 42" [_thread_blocked, id=16480, stack(0x0000000026b00000,0x0000000026c00000)]
  0x00000000204a2800 JavaThread "jar transforms Thread 41" [_thread_blocked, id=9616, stack(0x0000000026a00000,0x0000000026b00000)]
  0x00000000204a9000 JavaThread "jar transforms Thread 40" [_thread_blocked, id=9064, stack(0x0000000026900000,0x0000000026a00000)]
  0x00000000204a8800 JavaThread "jar transforms Thread 39" [_thread_blocked, id=8848, stack(0x0000000026800000,0x0000000026900000)]
  0x00000000204a5800 JavaThread "jar transforms Thread 38" [_thread_blocked, id=11984, stack(0x0000000026700000,0x0000000026800000)]
  0x00000000204a7800 JavaThread "jar transforms Thread 37" [_thread_blocked, id=15060, stack(0x0000000026600000,0x0000000026700000)]
  0x000000002049d000 JavaThread "jar transforms Thread 36" [_thread_blocked, id=13976, stack(0x0000000026500000,0x0000000026600000)]
  0x000000002049d800 JavaThread "jar transforms Thread 35" [_thread_blocked, id=17276, stack(0x0000000026400000,0x0000000026500000)]
  0x00000000204a1800 JavaThread "jar transforms Thread 34" [_thread_blocked, id=12516, stack(0x0000000026300000,0x0000000026400000)]
  0x00000000204a1000 JavaThread "jar transforms Thread 33" [_thread_blocked, id=4844, stack(0x0000000026200000,0x0000000026300000)]
  0x000000002049f800 JavaThread "jar transforms Thread 32" [_thread_blocked, id=15356, stack(0x0000000026100000,0x0000000026200000)]
  0x00000000204a3000 JavaThread "jar transforms Thread 31" [_thread_blocked, id=8324, stack(0x0000000026000000,0x0000000026100000)]
  0x00000000204a0000 JavaThread "jar transforms Thread 30" [_thread_blocked, id=13708, stack(0x0000000025f00000,0x0000000026000000)]
  0x00000000204a4000 JavaThread "jar transforms Thread 29" [_thread_blocked, id=17264, stack(0x0000000025e00000,0x0000000025f00000)]
  0x000000002049e800 JavaThread "jar transforms Thread 28" [_thread_blocked, id=5448, stack(0x0000000025d00000,0x0000000025e00000)]
  0x00000000207d1800 JavaThread "jar transforms Thread 27" [_thread_blocked, id=8960, stack(0x0000000025c00000,0x0000000025d00000)]
  0x00000000207d0800 JavaThread "jar transforms Thread 26" [_thread_blocked, id=5284, stack(0x0000000025b00000,0x0000000025c00000)]
  0x00000000207cd000 JavaThread "jar transforms Thread 25" [_thread_blocked, id=12352, stack(0x0000000025a00000,0x0000000025b00000)]
  0x00000000207d0000 JavaThread "jar transforms Thread 24" [_thread_blocked, id=15624, stack(0x0000000025900000,0x0000000025a00000)]
  0x00000000207cc000 JavaThread "jar transforms Thread 23" [_thread_blocked, id=13164, stack(0x0000000025800000,0x0000000025900000)]
  0x00000000207cf000 JavaThread "jar transforms Thread 22" [_thread_blocked, id=15600, stack(0x0000000025700000,0x0000000025800000)]
  0x00000000207cb800 JavaThread "jar transforms Thread 21" [_thread_blocked, id=960, stack(0x0000000025600000,0x0000000025700000)]
  0x00000000207cd800 JavaThread "jar transforms Thread 20" [_thread_blocked, id=848, stack(0x0000000025500000,0x0000000025600000)]
  0x00000000207ce800 JavaThread "jar transforms Thread 19" [_thread_blocked, id=10084, stack(0x0000000025400000,0x0000000025500000)]
  0x00000000207d2000 JavaThread "jar transforms Thread 18" [_thread_blocked, id=1692, stack(0x0000000025300000,0x0000000025400000)]
  0x00000000207c5000 JavaThread "jar transforms Thread 17" [_thread_blocked, id=10484, stack(0x0000000025200000,0x0000000025300000)]
  0x00000000207ca000 JavaThread "jar transforms Thread 16" [_thread_blocked, id=14140, stack(0x0000000025100000,0x0000000025200000)]
  0x00000000207c9800 JavaThread "jar transforms Thread 15" [_thread_blocked, id=10508, stack(0x0000000025000000,0x0000000025100000)]
  0x00000000207c5800 JavaThread "jar transforms Thread 14" [_thread_blocked, id=16760, stack(0x0000000024f00000,0x0000000025000000)]
  0x00000000207c6800 JavaThread "jar transforms Thread 13" [_thread_blocked, id=936, stack(0x0000000024e00000,0x0000000024f00000)]
  0x00000000207c4000 JavaThread "jar transforms Thread 12" [_thread_blocked, id=4700, stack(0x0000000024d00000,0x0000000024e00000)]
  0x00000000207c8800 JavaThread "jar transforms Thread 11" [_thread_blocked, id=908, stack(0x0000000024c00000,0x0000000024d00000)]
  0x00000000207c7000 JavaThread "jar transforms Thread 10" [_thread_blocked, id=6880, stack(0x0000000024b00000,0x0000000024c00000)]
  0x00000000207c3800 JavaThread "jar transforms Thread 9" [_thread_blocked, id=12348, stack(0x0000000024a00000,0x0000000024b00000)]
  0x00000000207c8000 JavaThread "jar transforms Thread 8" [_thread_blocked, id=17156, stack(0x0000000024900000,0x0000000024a00000)]
  0x0000000020024800 JavaThread "jar transforms Thread 7" [_thread_blocked, id=9200, stack(0x0000000024800000,0x0000000024900000)]
  0x0000000020022800 JavaThread "jar transforms Thread 6" [_thread_blocked, id=16800, stack(0x0000000024700000,0x0000000024800000)]
  0x0000000020024000 JavaThread "jar transforms Thread 5" [_thread_blocked, id=4388, stack(0x0000000024600000,0x0000000024700000)]
  0x0000000020021800 JavaThread "jar transforms Thread 4" [_thread_blocked, id=10860, stack(0x0000000024500000,0x0000000024600000)]
  0x0000000020021000 JavaThread "jar transforms Thread 3" [_thread_blocked, id=17116, stack(0x0000000024400000,0x0000000024500000)]
  0x0000000020023000 JavaThread "jar transforms Thread 2" [_thread_blocked, id=10636, stack(0x0000000024300000,0x0000000024400000)]
  0x0000000020020000 JavaThread "Build operations Thread 12" [_thread_blocked, id=16020, stack(0x0000000024200000,0x0000000024300000)]
  0x0000000020025800 JavaThread "Build operations Thread 11" [_thread_blocked, id=8824, stack(0x0000000024100000,0x0000000024200000)]
  0x0000000020018800 JavaThread "Build operations Thread 10" [_thread_blocked, id=4416, stack(0x0000000024000000,0x0000000024100000)]
  0x000000002001f800 JavaThread "Build operations Thread 9" [_thread_blocked, id=10492, stack(0x0000000023f00000,0x0000000024000000)]
  0x000000002001b800 JavaThread "Build operations Thread 8" [_thread_blocked, id=14064, stack(0x0000000023e00000,0x0000000023f00000)]
  0x000000002001b000 JavaThread "Build operations Thread 7" [_thread_blocked, id=4172, stack(0x0000000023d00000,0x0000000023e00000)]
  0x0000000020018000 JavaThread "Build operations Thread 6" [_thread_blocked, id=10896, stack(0x0000000023b00000,0x0000000023c00000)]
  0x000000002001e000 JavaThread "Build operations Thread 5" [_thread_blocked, id=14888, stack(0x0000000023a00000,0x0000000023b00000)]
  0x000000002001a000 JavaThread "Build operations Thread 4" [_thread_blocked, id=13860, stack(0x0000000023900000,0x0000000023a00000)]
  0x000000002001e800 JavaThread "Build operations Thread 3" [_thread_blocked, id=2652, stack(0x0000000023800000,0x0000000023900000)]
  0x000000002001d000 JavaThread "Build operations Thread 2" [_thread_blocked, id=9168, stack(0x0000000023700000,0x0000000023800000)]
  0x0000000020019800 JavaThread "Build operations" [_thread_blocked, id=11032, stack(0x0000000023600000,0x0000000023700000)]
  0x000000001c82d000 JavaThread "Cache worker for file content cache (C:\Users\BISHAL\.gradle\caches\6.5\fileContent)" [_thread_blocked, id=7756, stack(0x0000000022f00000,0x0000000023000000)]
  0x000000001c830000 JavaThread "jar transforms" [_thread_blocked, id=16876, stack(0x0000000022e00000,0x0000000022f00000)]
  0x000000001c82e800 JavaThread "Cache worker for execution history cache (C:\Users\BISHAL\.gradle\caches\6.5\executionHistory)" [_thread_blocked, id=2036, stack(0x0000000022700000,0x0000000022800000)]
  0x000000001c832000 JavaThread "Cache worker for cache directory md-rule (C:\Users\BISHAL\.gradle\caches\6.5\md-rule)" [_thread_blocked, id=15596, stack(0x0000000022600000,0x0000000022700000)]
  0x000000001c833800 JavaThread "Cache worker for cache directory md-supplier (C:\Users\BISHAL\.gradle\caches\6.5\md-supplier)" [_thread_blocked, id=6408, stack(0x0000000022500000,0x0000000022600000)]
  0x000000001c831800 JavaThread "Cache worker for checksums cache (D:\Programming\Muzik\.gradle\checksums)" [_thread_blocked, id=7452, stack(0x0000000020ec0000,0x0000000020fc0000)]
  0x000000001c833000 JavaThread "Cache worker for file hash cache (D:\Programming\Muzik\.gradle\6.5\fileHashes)" [_thread_blocked, id=2992, stack(0x0000000022200000,0x0000000022300000)]
  0x000000001c830800 JavaThread "Cache worker for file hash cache (C:\Users\BISHAL\.gradle\caches\6.5\fileHashes)" [_thread_blocked, id=14200, stack(0x000000001ec20000,0x000000001ed20000)]
  0x000000001c82f000 JavaThread "File lock request listener" [_thread_in_native, id=14496, stack(0x000000001eb20000,0x000000001ec20000)]
  0x000000001c835000 JavaThread "Cache worker for journal cache (C:\Users\BISHAL\.gradle\caches\journal-1)" [_thread_blocked, id=16900, stack(0x000000001ea20000,0x000000001eb20000)]
  0x000000001c75a800 JavaThread "Thread-9" [_thread_blocked, id=15216, stack(0x000000001e720000,0x000000001e820000)]
  0x000000001c759800 JavaThread "Stdin handler" [_thread_blocked, id=14960, stack(0x000000001e620000,0x000000001e720000)]
  0x000000001c78c000 JavaThread "Asynchronous log dispatcher for DefaultDaemonConnection: socket connection from /127.0.0.1:64548 to /127.0.0.1:64549" [_thread_blocked, id=1516, stack(0x000000001e520000,0x000000001e620000)]
  0x000000001c79b800 JavaThread "Daemon worker" [_thread_in_Java, id=6496, stack(0x000000001e420000,0x000000001e520000)]
  0x000000001c71e800 JavaThread "Cancel handler" [_thread_blocked, id=9348, stack(0x000000001e320000,0x000000001e420000)]
  0x000000001c6fa000 JavaThread "Handler for socket connection from /127.0.0.1:64548 to /127.0.0.1:64549" [_thread_in_native, id=15864, stack(0x000000001e220000,0x000000001e320000)]
  0x000000001c6f9800 JavaThread "Daemon" [_thread_blocked, id=9904, stack(0x000000001df20000,0x000000001e020000)]
  0x000000001c6f0000 JavaThread "Daemon periodic checks" [_thread_blocked, id=9432, stack(0x000000001de20000,0x000000001df20000)]
  0x000000001c68b800 JavaThread "Incoming local TCP Connector on port 64548" [_thread_in_native, id=13724, stack(0x000000001dbe0000,0x000000001dce0000)]
  0x000000001af40000 JavaThread "Daemon health stats" [_thread_blocked, id=15336, stack(0x000000001d5a0000,0x000000001d6a0000)]
  0x0000000018fd1800 JavaThread "Service Thread" daemon [_thread_blocked, id=13528, stack(0x000000001aa00000,0x000000001ab00000)]
  0x0000000018fc3800 JavaThread "C1 CompilerThread3" daemon [_thread_blocked, id=2408, stack(0x000000001a900000,0x000000001aa00000)]
  0x0000000018fc3000 JavaThread "C2 CompilerThread2" daemon [_thread_in_native, id=6756, stack(0x000000001a800000,0x000000001a900000)]
  0x0000000018fbd800 JavaThread "C2 CompilerThread1" daemon [_thread_in_native, id=5388, stack(0x000000001a700000,0x000000001a800000)]
=>0x0000000018fb4800 JavaThread "C2 CompilerThread0" daemon [_thread_in_native, id=16412, stack(0x000000001a600000,0x000000001a700000)]
  0x0000000018fb2800 JavaThread "Attach Listener" daemon [_thread_blocked, id=12540, stack(0x000000001a500000,0x000000001a600000)]
  0x00000000178ce800 JavaThread "Signal Dispatcher" daemon [_thread_blocked, id=12100, stack(0x000000001a400000,0x000000001a500000)]
  0x00000000178c2800 JavaThread "Finalizer" daemon [_thread_blocked, id=2392, stack(0x000000001a200000,0x000000001a300000)]
  0x0000000018fa3000 JavaThread "Reference Handler" daemon [_thread_blocked, id=9336, stack(0x000000001a100000,0x000000001a200000)]
  0x000000000254e800 JavaThread "main" [_thread_blocked, id=5940, stack(0x00000000023e0000,0x00000000024e0000)]

Other Threads:
  0x00000000178b6800 VMThread [stack: 0x000000001a000000,0x000000001a100000] [id=13364]
  0x0000000018fd3000 WatcherThread [stack: 0x000000001ab00000,0x000000001ac00000] [id=9176]

VM state:not at safepoint (normal execution)

VM Mutex/Monitor currently owned by a thread: None

heap address: 0x0000000080000000, size: 2048 MB, Compressed Oops mode: 32-bit
Narrow klass base: 0x0000000000000000, Narrow klass shift: 3
Compressed class space size: 1073741824 Address: 0x0000000100000000

Heap:
 PSYoungGen      total 127488K, used 122371K [0x00000000d5580000, 0x00000000dd680000, 0x0000000100000000)
  eden space 122880K, 95% used [0x00000000d5580000,0x00000000dc888ed8,0x00000000dcd80000)
  from space 4608K, 99% used [0x00000000dd200000,0x00000000dd678030,0x00000000dd680000)
  to   space 4608K, 0% used [0x00000000dcd80000,0x00000000dcd80000,0x00000000dd200000)
 ParOldGen       total 60928K, used 27929K [0x0000000080000000, 0x0000000083b80000, 0x00000000d5580000)
  object space 60928K, 45% used [0x0000000080000000,0x0000000081b46750,0x0000000083b80000)
 Metaspace       used 50716K, capacity 52854K, committed 53160K, reserved 1095680K
  class space    used 6802K, capacity 7239K, committed 7344K, reserved 1048576K

Card table byte_map: [0x0000000011a10000,0x0000000011e20000] byte_map_base: 0x0000000011610000

Marking Bits: (ParMarkBitMap*) 0x000000007204f030
 Begin Bits: [0x0000000012ad0000, 0x0000000014ad0000)
 End Bits:   [0x0000000014ad0000, 0x0000000016ad0000)

Polling page: 0x0000000002320000

CodeCache: size=245760Kb used=15720Kb max_used=15720Kb free=230039Kb
 bounds [0x0000000002650000, 0x00000000035c0000, 0x0000000011650000]
 total_blobs=5298 nmethods=4538 adapters=673
 compilation: enabled

Compilation events (10 events):
Event: 6.952 Thread 0x0000000018fc3800 4603       3       java.util.Arrays::sort (37 bytes)
Event: 6.952 Thread 0x0000000018fc3800 nmethod 4603 0x00000000035ac050 code [0x00000000035ac1e0, 0x00000000035ac578]
Event: 6.962 Thread 0x0000000018fc3800 4604       3       com.sun.beans.TypeResolver::prepare (237 bytes)
Event: 6.964 Thread 0x0000000018fc3800 nmethod 4604 0x00000000035ac710 code [0x00000000035aca80, 0x00000000035ae708]
Event: 6.964 Thread 0x0000000018fc3800 4605       3       com.sun.beans.WeakCache::get (42 bytes)
Event: 6.964 Thread 0x0000000018fc3800 nmethod 4605 0x00000000035af290 code [0x00000000035af420, 0x00000000035af948]
Event: 6.964 Thread 0x0000000018fc3800 4606       3       java.beans.FeatureDescriptor::<init> (69 bytes)
Event: 6.965 Thread 0x0000000018fc3800 nmethod 4606 0x00000000035afad0 code [0x00000000035afca0, 0x00000000035b0328]
Event: 6.968 Thread 0x0000000018fc3800 4607       3       groovy.lang.MetaClassImpl::packageLocal (39 bytes)
Event: 6.969 Thread 0x0000000018fc3800 nmethod 4607 0x00000000035b0610 code [0x00000000035b07a0, 0x00000000035b0cc8]

GC Heap History (10 events):
Event: 2.731 GC heap before
{Heap before GC invocations=6 (full 1):
 PSYoungGen      total 127488K, used 4592K [0x00000000d5580000, 0x00000000dd680000, 0x0000000100000000)
  eden space 122880K, 0% used [0x00000000d5580000,0x00000000d5580000,0x00000000dcd80000)
  from space 4608K, 99% used [0x00000000dcd80000,0x00000000dd1fc030,0x00000000dd200000)
  to   space 4608K, 0% used [0x00000000dd200000,0x00000000dd200000,0x00000000dd680000)
 ParOldGen       total 80896K, used 11861K [0x0000000080000000, 0x0000000084f00000, 0x00000000d5580000)
  object space 80896K, 14% used [0x0000000080000000,0x0000000080b95540,0x0000000084f00000)
 Metaspace       used 20557K, capacity 21224K, committed 21296K, reserved 1067008K
  class space    used 2877K, capacity 3076K, committed 3120K, reserved 1048576K
Event: 2.777 GC heap after
Heap after GC invocations=6 (full 1):
 PSYoungGen      total 127488K, used 0K [0x00000000d5580000, 0x00000000dd680000, 0x0000000100000000)
  eden space 122880K, 0% used [0x00000000d5580000,0x00000000d5580000,0x00000000dcd80000)
  from space 4608K, 0% used [0x00000000dcd80000,0x00000000dcd80000,0x00000000dd200000)
  to   space 4608K, 0% used [0x00000000dd200000,0x00000000dd200000,0x00000000dd680000)
 ParOldGen       total 60928K, used 9914K [0x0000000080000000, 0x0000000083b80000, 0x00000000d5580000)
  object space 60928K, 16% used [0x0000000080000000,0x00000000809aea40,0x0000000083b80000)
 Metaspace       used 20557K, capacity 21224K, committed 21296K, reserved 1067008K
  class space    used 2877K, capacity 3076K, committed 3120K, reserved 1048576K
}
Event: 4.167 GC heap before
{Heap before GC invocations=7 (full 1):
 PSYoungGen      total 127488K, used 122880K [0x00000000d5580000, 0x00000000dd680000, 0x0000000100000000)
  eden space 122880K, 100% used [0x00000000d5580000,0x00000000dcd80000,0x00000000dcd80000)
  from space 4608K, 0% used [0x00000000dcd80000,0x00000000dcd80000,0x00000000dd200000)
  to   space 4608K, 0% used [0x00000000dd200000,0x00000000dd200000,0x00000000dd680000)
 ParOldGen       total 60928K, used 9914K [0x0000000080000000, 0x0000000083b80000, 0x00000000d5580000)
  object space 60928K, 16% used [0x0000000080000000,0x00000000809aea40,0x0000000083b80000)
 Metaspace       used 32553K, capacity 33572K, committed 33712K, reserved 1079296K
  class space    used 4444K, capacity 4718K, committed 4784K, reserved 1048576K
Event: 4.179 GC heap after
Heap after GC invocations=7 (full 1):
 PSYoungGen      total 127488K, used 4592K [0x00000000d5580000, 0x00000000dd680000, 0x0000000100000000)
  eden space 122880K, 0% used [0x00000000d5580000,0x00000000d5580000,0x00000000dcd80000)
  from space 4608K, 99% used [0x00000000dd200000,0x00000000dd67c010,0x00000000dd680000)
  to   space 4608K, 0% used [0x00000000dcd80000,0x00000000dcd80000,0x00000000dd200000)
 ParOldGen       total 60928K, used 18754K [0x0000000080000000, 0x0000000083b80000, 0x00000000d5580000)
  object space 60928K, 30% used [0x0000000080000000,0x0000000081250830,0x0000000083b80000)
 Metaspace       used 32553K, capacity 33572K, committed 33712K, reserved 1079296K
  class space    used 4444K, capacity 4718K, committed 4784K, reserved 1048576K
}
Event: 4.535 GC heap before
{Heap before GC invocations=8 (full 1):
 PSYoungGen      total 127488K, used 48441K [0x00000000d5580000, 0x00000000dd680000, 0x0000000100000000)
  eden space 122880K, 35% used [0x00000000d5580000,0x00000000d8052620,0x00000000dcd80000)
  from space 4608K, 99% used [0x00000000dd200000,0x00000000dd67c010,0x00000000dd680000)
  to   space 4608K, 0% used [0x00000000dcd80000,0x00000000dcd80000,0x00000000dd200000)
 ParOldGen       total 60928K, used 18754K [0x0000000080000000, 0x0000000083b80000, 0x00000000d5580000)
  object space 60928K, 30% used [0x0000000080000000,0x0000000081250830,0x0000000083b80000)
 Metaspace       used 34330K, capacity 35420K, committed 35496K, reserved 1079296K
  class space    used 4732K, capacity 5003K, committed 5040K, reserved 1048576K
Event: 4.544 GC heap after
Heap after GC invocations=8 (full 1):
 PSYoungGen      total 127488K, used 4592K [0x00000000d5580000, 0x00000000dd680000, 0x0000000100000000)
  eden space 122880K, 0% used [0x00000000d5580000,0x00000000d5580000,0x00000000dcd80000)
  from space 4608K, 99% used [0x00000000dcd80000,0x00000000dd1fc010,0x00000000dd200000)
  to   space 4608K, 0% used [0x00000000dd200000,0x00000000dd200000,0x00000000dd680000)
 ParOldGen       total 60928K, used 21498K [0x0000000080000000, 0x0000000083b80000, 0x00000000d5580000)
  object space 60928K, 35% used [0x0000000080000000,0x00000000814fe840,0x0000000083b80000)
 Metaspace       used 34330K, capacity 35420K, committed 35496K, reserved 1079296K
  class space    used 4732K, capacity 5003K, committed 5040K, reserved 1048576K
}
Event: 4.544 GC heap before
{Heap before GC invocations=9 (full 2):
 PSYoungGen      total 127488K, used 4592K [0x00000000d5580000, 0x00000000dd680000, 0x0000000100000000)
  eden space 122880K, 0% used [0x00000000d5580000,0x00000000d5580000,0x00000000dcd80000)
  from space 4608K, 99% used [0x00000000dcd80000,0x00000000dd1fc010,0x00000000dd200000)
  to   space 4608K, 0% used [0x00000000dd200000,0x00000000dd200000,0x00000000dd680000)
 ParOldGen       total 60928K, used 21498K [0x0000000080000000, 0x0000000083b80000, 0x00000000d5580000)
  object space 60928K, 35% used [0x0000000080000000,0x00000000814fe840,0x0000000083b80000)
 Metaspace       used 34330K, capacity 35420K, committed 35496K, reserved 1079296K
  class space    used 4732K, capacity 5003K, committed 5040K, reserved 1048576K
Event: 4.619 GC heap after
Heap after GC invocations=9 (full 2):
 PSYoungGen      total 127488K, used 0K [0x00000000d5580000, 0x00000000dd680000, 0x0000000100000000)
  eden space 122880K, 0% used [0x00000000d5580000,0x00000000d5580000,0x00000000dcd80000)
  from space 4608K, 0% used [0x00000000dcd80000,0x00000000dcd80000,0x00000000dd200000)
  to   space 4608K, 0% used [0x00000000dd200000,0x00000000dd200000,0x00000000dd680000)
 ParOldGen       total 60928K, used 21769K [0x0000000080000000, 0x0000000083b80000, 0x00000000d5580000)
  object space 60928K, 35% used [0x0000000080000000,0x0000000081542658,0x0000000083b80000)
 Metaspace       used 34330K, capacity 35420K, committed 35496K, reserved 1079296K
  class space    used 4732K, capacity 5003K, committed 5040K, reserved 1048576K
}
Event: 5.680 GC heap before
{Heap before GC invocations=10 (full 2):
 PSYoungGen      total 127488K, used 122880K [0x00000000d5580000, 0x00000000dd680000, 0x0000000100000000)
  eden space 122880K, 100% used [0x00000000d5580000,0x00000000dcd80000,0x00000000dcd80000)
  from space 4608K, 0% used [0x00000000dcd80000,0x00000000dcd80000,0x00000000dd200000)
  to   space 4608K, 0% used [0x00000000dd200000,0x00000000dd200000,0x00000000dd680000)
 ParOldGen       total 60928K, used 21769K [0x0000000080000000, 0x0000000083b80000, 0x00000000d5580000)
  object space 60928K, 35% used [0x0000000080000000,0x0000000081542658,0x0000000083b80000)
 Metaspace       used 39693K, capacity 41560K, committed 41768K, reserved 1085440K
  class space    used 5492K, capacity 5878K, committed 5936K, reserved 1048576K
Event: 5.695 GC heap after
Heap after GC invocations=10 (full 2):
 PSYoungGen      total 127488K, used 4576K [0x00000000d5580000, 0x00000000dd680000, 0x0000000100000000)
  eden space 122880K, 0% used [0x00000000d5580000,0x00000000d5580000,0x00000000dcd80000)
  from space 4608K, 99% used [0x00000000dd200000,0x00000000dd678030,0x00000000dd680000)
  to   space 4608K, 0% used [0x00000000dcd80000,0x00000000dcd80000,0x00000000dd200000)
 ParOldGen       total 60928K, used 27929K [0x0000000080000000, 0x0000000083b80000, 0x00000000d5580000)
  object space 60928K, 45% used [0x0000000080000000,0x0000000081b46750,0x0000000083b80000)
 Metaspace       used 39693K, capacity 41560K, committed 41768K, reserved 1085440K
  class space    used 5492K, capacity 5878K, committed 5936K, reserved 1048576K
}

Deoptimization events (10 events):
Event: 6.255 Thread 0x000000001c79b800 Uncommon trap: reason=unstable_if action=reinterpret pc=0x0000000003082040 method=java.security.CodeSource.matchCerts(Ljava/security/CodeSource;Z)Z @ 11
Event: 6.332 Thread 0x000000001c79b800 Uncommon trap: reason=bimorphic action=maybe_recompile pc=0x00000000031fd938 method=java.util.regex.Pattern$CharProperty.match(Ljava/util/regex/Matcher;ILjava/lang/CharSequence;)Z @ 18
Event: 6.332 Thread 0x000000001c79b800 Uncommon trap: reason=bimorphic action=maybe_recompile pc=0x00000000031fd938 method=java.util.regex.Pattern$CharProperty.match(Ljava/util/regex/Matcher;ILjava/lang/CharSequence;)Z @ 18
Event: 6.332 Thread 0x000000001c79b800 Uncommon trap: reason=bimorphic action=maybe_recompile pc=0x00000000031fd938 method=java.util.regex.Pattern$CharProperty.match(Ljava/util/regex/Matcher;ILjava/lang/CharSequence;)Z @ 18
Event: 6.348 Thread 0x000000001c79b800 Uncommon trap: reason=bimorphic action=maybe_recompile pc=0x00000000031fd938 method=java.util.regex.Pattern$CharProperty.match(Ljava/util/regex/Matcher;ILjava/lang/CharSequence;)Z @ 18
Event: 6.529 Thread 0x000000001c79b800 Uncommon trap: reason=unstable_if action=reinterpret pc=0x00000000030165a4 method=org.gradle.internal.reflect.PropertyAccessorType.of(Ljava/lang/reflect/Method;)Lorg/gradle/internal/reflect/PropertyAccessorType; @ 56
Event: 6.788 Thread 0x000000001c79b800 Uncommon trap: reason=unstable_if action=reinterpret pc=0x0000000003507874 method=com.sun.org.apache.xerces.internal.impl.XMLEntityScanner.checkBeforeLoad(Lcom/sun/xml/internal/stream/Entity$ScannedEntity;II)I @ 18
Event: 6.853 Thread 0x000000001c79b800 Uncommon trap: reason=unstable_if action=reinterpret pc=0x000000000334feec method=org.gradle.internal.instantiation.generator.AbstractClassGenerator$InjectionAnnotationValidator.validateMethod(Ljava/lang/reflect/Method;Lorg/gradle/internal/reflect/Propert
Event: 6.853 Thread 0x000000001c79b800 Uncommon trap: reason=unstable_if action=reinterpret pc=0x00000000033634a0 method=org.gradle.internal.instantiation.generator.AbstractClassGenerator$InjectionAnnotationValidator.validateMethod(Ljava/lang/reflect/Method;Lorg/gradle/internal/reflect/Propert
Event: 6.918 Thread 0x000000001c79b800 Uncommon trap: reason=null_check action=make_not_entrant pc=0x0000000002dc1810 method=java.lang.Class.searchMethods([Ljava/lang/reflect/Method;Ljava/lang/String;[Ljava/lang/Class;)Ljava/lang/reflect/Method; @ 59

Classes redefined (0 events):
No events

Internal exceptions (10 events):
Event: 6.946 Thread 0x000000001c79b800 Exception <a 'java/lang/ClassNotFoundException': org/gradle/api/internal/NamedDomainObjectContainerConfigureDelegateBeanInfo> (0x00000000dc071d58) thrown at [C:\src\AOSP-openjdk-git\hotspot\src\share\vm\classfile\systemDictionary.cpp, line 210]
Event: 6.947 Thread 0x000000001c79b800 Exception <a 'java/lang/ClassNotFoundException': org/gradle/api/internal/NamedDomainObjectContainerConfigureDelegateCustomizer> (0x00000000dc0baf70) thrown at [C:\src\AOSP-openjdk-git\hotspot\src\share\vm\classfile\systemDictionary.cpp, line 210]
Event: 6.958 Thread 0x000000001c79b800 Exception <a 'java/lang/ClassNotFoundException': org/gradle/api/internal/FactoryNamedDomainObjectContainer_DecoratedBeanInfo> (0x00000000dc336ca8) thrown at [C:\src\AOSP-openjdk-git\hotspot\src\share\vm\classfile\systemDictionary.cpp, line 210]
Event: 6.960 Thread 0x000000001c79b800 Exception <a 'java/lang/ClassNotFoundException': org/gradle/api/internal/FactoryNamedDomainObjectContainerBeanInfo> (0x00000000dc378820) thrown at [C:\src\AOSP-openjdk-git\hotspot\src\share\vm\classfile\systemDictionary.cpp, line 210]
Event: 6.960 Thread 0x000000001c79b800 Exception <a 'java/lang/ClassNotFoundException': org/gradle/api/internal/AbstractNamedDomainObjectContainerBeanInfo> (0x00000000dc3ba440) thrown at [C:\src\AOSP-openjdk-git\hotspot\src\share\vm\classfile\systemDictionary.cpp, line 210]
Event: 6.961 Thread 0x000000001c79b800 Exception <a 'java/lang/ClassNotFoundException': org/gradle/api/internal/DefaultNamedDomainObjectSetBeanInfo> (0x00000000dc3f9428) thrown at [C:\src\AOSP-openjdk-git\hotspot\src\share\vm\classfile\systemDictionary.cpp, line 210]
Event: 6.962 Thread 0x000000001c79b800 Exception <a 'java/lang/ClassNotFoundException': org/gradle/api/internal/DefaultNamedDomainObjectSetCustomizer> (0x00000000dc439270) thrown at [C:\src\AOSP-openjdk-git\hotspot\src\share\vm\classfile\systemDictionary.cpp, line 210]
Event: 6.964 Thread 0x000000001c79b800 Exception <a 'java/lang/ClassNotFoundException': org/gradle/api/internal/AbstractNamedDomainObjectContainerCustomizer> (0x00000000dc497ff8) thrown at [C:\src\AOSP-openjdk-git\hotspot\src\share\vm\classfile\systemDictionary.cpp, line 210]
Event: 6.966 Thread 0x000000001c79b800 Exception <a 'java/lang/ClassNotFoundException': org/gradle/api/internal/FactoryNamedDomainObjectContainerCustomizer> (0x00000000dc4f5070) thrown at [C:\src\AOSP-openjdk-git\hotspot\src\share\vm\classfile\systemDictionary.cpp, line 210]
Event: 6.967 Thread 0x000000001c79b800 Exception <a 'java/lang/ClassNotFoundException': org/gradle/api/internal/FactoryNamedDomainObjectContainer_DecoratedCustomizer> (0x00000000dc54a9c0) thrown at [C:\src\AOSP-openjdk-git\hotspot\src\share\vm\classfile\systemDictionary.cpp, line 210]

Events (10 events):
Event: 6.967 loading class org/gradle/api/internal/FactoryNamedDomainObjectContainer_DecoratedCustomizer
Event: 6.967 loading class org/gradle/api/internal/FactoryNamedDomainObjectContainer_DecoratedCustomizer done
Event: 6.967 loading class org/gradle/api/internal/FactoryNamedDomainObjectContainer_DecoratedCustomizer
Event: 6.967 loading class org/gradle/api/internal/FactoryNamedDomainObjectContainer_DecoratedCustomizer done
Event: 6.967 loading class org/gradle/api/internal/FactoryNamedDomainObjectContainer_DecoratedCustomizer
Event: 6.967 loading class org/gradle/api/internal/FactoryNamedDomainObjectContainer_DecoratedCustomizer done
Event: 6.967 loading class org/gradle/api/internal/FactoryNamedDomainObjectContainer_DecoratedCustomizer
Event: 6.967 loading class org/gradle/api/internal/FactoryNamedDomainObjectContainer_DecoratedCustomizer done
Event: 6.970 loading class groovy/runtime/metaclass/com/android/build/gradle/internal/dsl/BuildType_DecoratedMetaClass
Event: 6.970 loading class groovy/runtime/metaclass/com/android/build/gradle/internal/dsl/BuildType_DecoratedMetaClass done


Dynamic libraries:
0x00007ff6949a0000 - 0x00007ff6949d1000 	C:\Program Files\Android\Android Studio\jre\bin\java.exe
0x00007ffa165d0000 - 0x00007ffa167c5000 	C:\Windows\SYSTEM32\ntdll.dll
0x00007ffa14bc0000 - 0x00007ffa14c7e000 	C:\Windows\System32\KERNEL32.DLL
0x00007ffa140b0000 - 0x00007ffa14379000 	C:\Windows\System32\KERNELBASE.dll
0x00007ffa14880000 - 0x00007ffa1492c000 	C:\Windows\System32\ADVAPI32.dll
0x00007ffa14b20000 - 0x00007ffa14bbe000 	C:\Windows\System32\msvcrt.dll
0x00007ffa155c0000 - 0x00007ffa1565b000 	C:\Windows\System32\sechost.dll
0x00007ffa14750000 - 0x00007ffa1487a000 	C:\Windows\System32\RPCRT4.dll
0x00007ffa163e0000 - 0x00007ffa16581000 	C:\Windows\System32\USER32.dll
0x00007ffa13f60000 - 0x00007ffa13f82000 	C:\Windows\System32\win32u.dll
0x00007ffa14af0000 - 0x00007ffa14b1b000 	C:\Windows\System32\GDI32.dll
0x00007ffa13cf0000 - 0x00007ffa13dfb000 	C:\Windows\System32\gdi32full.dll
0x00007ffa13fc0000 - 0x00007ffa1405d000 	C:\Windows\System32\msvcp_win.dll
0x00007ffa13e60000 - 0x00007ffa13f60000 	C:\Windows\System32\ucrtbase.dll
0x00007ffa00300000 - 0x00007ffa0059a000 	C:\Windows\WinSxS\amd64_microsoft.windows.common-controls_6595b64144ccf1df_6.0.19041.1110_none_60b5254171f9507e\COMCTL32.dll
0x00007ffa14ce0000 - 0x00007ffa14d10000 	C:\Windows\System32\IMM32.DLL
0x0000000073150000 - 0x0000000073222000 	C:\Program Files\Android\Android Studio\jre\jre\bin\msvcr100.dll
0x0000000071880000 - 0x00000000720cb000 	C:\Program Files\Android\Android Studio\jre\jre\bin\server\jvm.dll
0x00007ffa14d10000 - 0x00007ffa14d18000 	C:\Windows\System32\PSAPI.DLL
0x00007ffa0b3c0000 - 0x00007ffa0b3ca000 	C:\Windows\SYSTEM32\VERSION.dll
0x00007ff9f9a40000 - 0x00007ff9f9a49000 	C:\Windows\SYSTEM32\WSOCK32.dll
0x00007ffa0b150000 - 0x00007ffa0b177000 	C:\Windows\SYSTEM32\WINMM.dll
0x00007ffa15a70000 - 0x00007ffa15adb000 	C:\Windows\System32\WS2_32.dll
0x00007ffa11a20000 - 0x00007ffa11a2f000 	C:\Program Files\Android\Android Studio\jre\jre\bin\verify.dll
0x00007ffa06480000 - 0x00007ffa064a9000 	C:\Program Files\Android\Android Studio\jre\jre\bin\java.dll
0x00007ffa10f80000 - 0x00007ffa10f96000 	C:\Program Files\Android\Android Studio\jre\jre\bin\zip.dll
0x00007ffa14d90000 - 0x00007ffa154cf000 	C:\Windows\System32\SHELL32.dll
0x00007ffa11dd0000 - 0x00007ffa12560000 	C:\Windows\SYSTEM32\windows.storage.dll
0x00007ffa15710000 - 0x00007ffa15a65000 	C:\Windows\System32\combase.dll
0x00007ffa136d0000 - 0x00007ffa136fc000 	C:\Windows\SYSTEM32\Wldp.dll
0x00007ffa146a0000 - 0x00007ffa1474e000 	C:\Windows\System32\SHCORE.dll
0x00007ffa14c80000 - 0x00007ffa14cd5000 	C:\Windows\System32\shlwapi.dll
0x00007ffa13c30000 - 0x00007ffa13c4f000 	C:\Windows\SYSTEM32\profapi.dll
0x00007ffa0dbd0000 - 0x00007ffa0dbea000 	C:\Program Files\Android\Android Studio\jre\jre\bin\net.dll
0x00007ffa133d0000 - 0x00007ffa1343a000 	C:\Windows\system32\mswsock.dll
0x00007ffa05370000 - 0x00007ffa05383000 	C:\Program Files\Android\Android Studio\jre\jre\bin\nio.dll
0x00007ffa11a30000 - 0x00007ffa11a57000 	C:\Users\BISHAL\.gradle\native\f6784746aeab05261644944871eae4fe03e0ef1612fff0a4a95f87b438bc6780\windows-amd64\native-platform.dll
0x00007ffa11050000 - 0x00007ffa1105d000 	C:\Program Files\Android\Android Studio\jre\jre\bin\management.dll
0x00007ffa135c0000 - 0x00007ffa135d8000 	C:\Windows\SYSTEM32\CRYPTSP.dll
0x00007ffa12d50000 - 0x00007ffa12d84000 	C:\Windows\system32\rsaenh.dll
0x00007ffa13f90000 - 0x00007ffa13fb7000 	C:\Windows\System32\bcrypt.dll
0x00007ffa13bf0000 - 0x00007ffa13c1e000 	C:\Windows\SYSTEM32\USERENV.dll
0x00007ffa14430000 - 0x00007ffa144b3000 	C:\Windows\System32\bcryptprimitives.dll
0x00007ffa135e0000 - 0x00007ffa135ec000 	C:\Windows\SYSTEM32\CRYPTBASE.dll
0x00007ffa130c0000 - 0x00007ffa130fb000 	C:\Windows\SYSTEM32\IPHLPAPI.DLL
0x00007ffa14ae0000 - 0x00007ffa14ae8000 	C:\Windows\System32\NSI.dll
0x00007ffa09ae0000 - 0x00007ffa09af7000 	C:\Windows\SYSTEM32\dhcpcsvc6.DLL
0x00007ffa0b360000 - 0x00007ffa0b37d000 	C:\Windows\SYSTEM32\dhcpcsvc.DLL
0x00007ffa13100000 - 0x00007ffa131cc000 	C:\Windows\SYSTEM32\DNSAPI.dll
0x00007ffa0b340000 - 0x00007ffa0b34b000 	C:\Windows\SYSTEM32\WINNSI.DLL

VM Arguments:
jvm_args: -Xmx2048m -Dfile.encoding=UTF-8 -Duser.country=IN -Duser.language=en -Duser.variant 
java_command: org.gradle.launcher.daemon.bootstrap.GradleDaemon 6.5
java_class_path (initial): C:\Users\BISHAL\.gradle\wrapper\dists\gradle-6.5-bin\6nifqtx7604sqp1q6g8wikw7p\gradle-6.5\lib\gradle-launcher-6.5.jar
Launcher Type: SUN_STANDARD

Environment Variables:
PATH=C:\Program Files\Common Files\Oracle\Java\javapath;C:\Windows\system32;C:\Windows;C:\Windows\System32\Wbem;C:\Windows\System32\WindowsPowerShell\v1.0\;C:\Windows\System32\OpenSSH\;C:\Program Files\NVIDIA Corporation\NVIDIA NvDLISR;C:\Users\BISHAL\AppData\Local\Microsoft\WindowsApps;C:\Users\BISHAL\AppData\Local\Programs\Microsoft VS Code\bin;C:\Program Files (x86)\mingw-w64\i686-8.1.0-posix-dwarf-rt_v6-rev0\mingw32\bin;C:\adb;C:\Users\BISHAL\AppData\Local\Microsoft\WindowsApps;C:\Users\BISHAL\AppData\Local\Programs\Microsoft VS Code\bin;C:\Program Files (x86)\mingw-w64\i686-8.1.0-posix-dwarf-rt_v6-rev0\mingw32\bin;C:\Program Files\JetBrains\IntelliJ IDEA Community Edition 2021.1.2\bin;;C:\Program Files\Java\jdk-16.0.1\bin;C:\Program Files\JetBrains\PyCharm Community Edition 2021.1.2\bin;;C:\MinGW;
USERNAME=BISHAL
OS=Windows_NT
PROCESSOR_IDENTIFIER=AMD64 Family 23 Model 104 Stepping 1, AuthenticAMD



---------------  S Y S T E M  ---------------

OS: Windows 10.0 , 64 bit Build 19041 (10.0.19041.1202)

CPU:total 12 (initial active 12) (12 cores per cpu, 1 threads per core) family 23 model 104 stepping 1, cmov, cx8, fxsr, mmx, sse, sse2, sse3, ssse3, sse4.1, sse4.2, popcnt, avx, avx2, aes, clmul, mmxext, 3dnowpref, lzcnt, sse4a, tsc, tscinvbit, tscinv, bmi1

Memory: 4k page, physical 7711560k(872884k free), swap 31828808k(5332k free)

vm_info: OpenJDK 64-Bit Server VM (25.242-b01) for windows-amd64 JRE (1.8.0_242-release-1644-b01), built by "builder" with MS VC++ 10.0 (VS2010)

time: Thu Sep 30 22:59:23 2021
timezone: India Standard Time
elapsed time: 6 seconds (0d 0h 0m 6s)

